<?xml version="1.0" encoding="UTF-8"?>
<robot generator="Robot 6.1.1 (Python 3.11.5 on win32)" generated="20231231 18:05:58.897" rpa="false" schemaversion="4">
<suite id="s1" name="Back Office" source="C:\Projects\Robot\End-to-end\Tests\BackOffice\Back_Office.robot">
<test id="s1-t1" name="Should be able to access &quot;Landing&quot; page" line="14">
<kw name="Launch Web Test" library="CommonWeb" type="SETUP">
<kw name="Set Selenium Timeout" library="SeleniumLibrary">
<arg>10s</arg>
<doc>Sets the timeout that is used by various keywords.</doc>
<status status="PASS" starttime="20231231 18:05:59.065" endtime="20231231 18:05:59.065"/>
</kw>
<kw name="Open Browser" library="SeleniumLibrary">
<arg>about:blank</arg>
<arg>${BROWSER}</arg>
<doc>Opens a new browser instance to the optional ``url``.</doc>
<msg timestamp="20231231 18:05:59.066" level="INFO">Opening browser 'chrome' to base url 'about:blank'.</msg>
<status status="PASS" starttime="20231231 18:05:59.065" endtime="20231231 18:06:00.781"/>
</kw>
<kw name="Maximize Browser Window" library="SeleniumLibrary">
<doc>Maximizes current browser window.</doc>
<status status="PASS" starttime="20231231 18:06:00.782" endtime="20231231 18:06:00.906"/>
</kw>
<status status="PASS" starttime="20231231 18:05:59.065" endtime="20231231 18:06:00.906"/>
</kw>
<kw name="Go to Landing Page" library="BackOfficeApp">
<kw name="Navigate To" library="LandingBackOffice">
<kw name="Go To" library="SeleniumLibrary">
<arg>${LANDING_URL_BACK_OFFICE}</arg>
<doc>Navigates the current browser window to the provided ``url``.</doc>
<msg timestamp="20231231 18:06:00.909" level="INFO">Opening url 'https://automationplayground.com/back-office/pages/index.html'</msg>
<status status="PASS" starttime="20231231 18:06:00.908" endtime="20231231 18:06:03.360"/>
</kw>
<status status="PASS" starttime="20231231 18:06:00.908" endtime="20231231 18:06:03.360"/>
</kw>
<status status="PASS" starttime="20231231 18:06:00.906" endtime="20231231 18:06:03.360"/>
</kw>
<kw name="Close Web Test" library="CommonWeb" type="TEARDOWN">
<kw name="Close All Browsers" library="SeleniumLibrary">
<doc>Closes all open browsers and resets the browser cache.</doc>
<status status="PASS" starttime="20231231 18:06:03.362" endtime="20231231 18:06:09.537"/>
</kw>
<status status="PASS" starttime="20231231 18:06:03.362" endtime="20231231 18:06:09.537"/>
</kw>
<doc>This is test 1</doc>
<tag>001</tag>
<tag>Smoke</tag>
<tag>Web</tag>
<status status="PASS" starttime="20231231 18:05:59.064" endtime="20231231 18:06:09.539"/>
</test>
<doc>Talk about what this suite of tests does</doc>
<status status="PASS" starttime="20231231 18:05:58.898" endtime="20231231 18:06:09.542"/>
</suite>
<statistics>
<total>
<stat pass="1" fail="0" skip="0">All Tests</stat>
</total>
<tag>
<stat pass="1" fail="0" skip="0">001</stat>
<stat pass="1" fail="0" skip="0">Smoke</stat>
<stat pass="1" fail="0" skip="0">Web</stat>
</tag>
<suite>
<stat pass="1" fail="0" skip="0" id="s1" name="Back Office">Back Office</stat>
</suite>
</statistics>
<errors>
<msg timestamp="20231231 18:05:59.055" level="ERROR">Error in file 'C:\Projects\Robot\End-to-end\Tests\BackOffice\Back_Office.robot' on line 5: Setting 'Test Setup' is not allowed in resource file.</msg>
<msg timestamp="20231231 18:05:59.056" level="ERROR">Error in file 'C:\Projects\Robot\End-to-end\Tests\BackOffice\Back_Office.robot' on line 6: Setting 'Test Teardown' is not allowed in resource file.</msg>
<msg timestamp="20231231 18:05:59.057" level="ERROR">Error in file 'C:\Projects\Robot\End-to-end\Resources\BackOffice\PO\LandingBackOffice.robot' on line 3: Error in file 'C:\Projects\Robot\End-to-end\Tests\BackOffice\Back_Office.robot' on line 13: Resource file with 'Test Cases' section is invalid.</msg>
<msg timestamp="20231231 18:05:59.062" level="ERROR">Error in file 'C:\Projects\Robot\End-to-end\Resources\Common\CommonWeb.robot' on line 3: Resource file '..\Tests\Front_Office.robot' does not exist.</msg>
</errors>
</robot>
